<?xml version="1.0" encoding="UTF-8"?>
<!-- Generated by org.testng.reporters.JUnitReportReporter -->
<testsuite hostname="supriya" name="com.seleniumeasy.tests.NewTest" tests="3" failures="0" timestamp="20 Mar 2017 18:19:09 GMT" time="29.124" errors="0">
  <testcase name="totaltest" time="6.710" classname="com.seleniumeasy.tests.NewTest"/>
  <testcase name="f" time="15.691" classname="com.seleniumeasy.tests.NewTest"/>
  <testcase name="totalNegativeTest" time="6.723" classname="com.seleniumeasy.tests.NewTest"/>
</testsuite> <!-- com.seleniumeasy.tests.NewTest -->
