<?xml version="1.0" encoding="UTF-8"?>
<!-- Generated by org.testng.reporters.JUnitReportReporter -->
<testsuite hostname="supriya" name="com.seleniumeasy.tests.NewTest" tests="2" failures="0" timestamp="20 Mar 2017 16:41:30 GMT" time="16.998" errors="0">
  <testcase name="totaltest" time="15.215" classname="com.seleniumeasy.tests.NewTest"/>
  <testcase name="f" time="1.783" classname="com.seleniumeasy.tests.NewTest"/>
</testsuite> <!-- com.seleniumeasy.tests.NewTest -->
