<?xml version="1.0" encoding="UTF-8"?>
<!-- Generated by org.testng.reporters.JUnitReportReporter -->
<testsuite hostname="supriya" name="com.seleniumeasy.tests.NewTest" tests="2" failures="0" timestamp="20 Mar 2017 18:04:02 GMT" time="22.064" errors="0">
  <testcase name="f" time="6.962" classname="com.seleniumeasy.tests.NewTest"/>
  <testcase name="totaltest" time="15.102" classname="com.seleniumeasy.tests.NewTest"/>
</testsuite> <!-- com.seleniumeasy.tests.NewTest -->
