<?xml version="1.0" encoding="UTF-8"?>
<!-- Generated by org.testng.reporters.JUnitReportReporter -->
<testsuite hostname="supriya" name="com.seleniumeasy.tests.SelectListTest" tests="1" failures="0" timestamp="22 Mar 2017 18:44:58 GMT" time="24.817" errors="0">
  <testcase name="f" time="24.817" classname="com.seleniumeasy.tests.SelectListTest"/>
</testsuite> <!-- com.seleniumeasy.tests.SelectListTest -->
