<?xml version="1.0" encoding="UTF-8"?>
<!-- Generated by org.testng.reporters.JUnitReportReporter -->
<testsuite hostname="supriya" name="com.seleniumeasy.tests.NewTest" tests="2" failures="0" timestamp="20 Mar 2017 15:55:48 GMT" time="43.313" errors="0">
  <testcase name="totaltest" time="21.532" classname="com.seleniumeasy.tests.NewTest"/>
  <testcase name="f" time="21.781" classname="com.seleniumeasy.tests.NewTest"/>
</testsuite> <!-- com.seleniumeasy.tests.NewTest -->
